<?xml version="1.0" encoding="UTF-8"?>
<!-- Generated by org.testng.reporters.JUnitReportReporter -->
<testsuite hostname="Akshay-17" failures="0" tests="1" name="selenium.practice.automation.testing.FindBrokenLinks" time="71.049" errors="0" timestamp="2024-04-16T11:41:16 IST" skipped="0">
  <testcase classname="selenium.practice.automation.testing.FindBrokenLinks" name="cerifyBrokenLinks" time="71.049"/>
  <system-out/>
</testsuite> <!-- selenium.practice.automation.testing.FindBrokenLinks -->
