<?xml version="1.0" encoding="UTF-8"?>
<!-- Generated by org.testng.reporters.JUnitReportReporter -->
<testsuite hostname="Akshay-17" failures="0" tests="3" name="selenium.practice.automation.testing.HandlingTabularData" time="33.387" errors="0" timestamp="2024-04-19T09:36:09 IST" skipped="0">
  <testcase classname="selenium.practice.automation.testing.HandlingTabularData" name="verifyTitle" time="11.245"/>
  <system-out/>
  <testcase classname="selenium.practice.automation.testing.HandlingTabularData" name="verifyUrl" time="10.790"/>
  <system-out/>
  <testcase classname="selenium.practice.automation.testing.HandlingTabularData" name="verifyTabulerData" time="11.352"/>
  <system-out/>
</testsuite> <!-- selenium.practice.automation.testing.HandlingTabularData -->
