<?xml version="1.0" encoding="UTF-8"?>
<!-- Generated by org.testng.reporters.JUnitReportReporter -->
<testsuite hostname="Akshay-17" failures="0" tests="2" name="selenium.practice.automation.testing.TestNGAnnotations" time="0.017" errors="0" timestamp="2024-04-15T14:05:12 IST" skipped="0">
  <testcase classname="selenium.practice.automation.testing.TestNGAnnotations" name="TestCase1" time="0.013"/>
  <system-out/>
  <testcase classname="selenium.practice.automation.testing.TestNGAnnotations" name="TestCase2" time="0.004"/>
  <system-out/>
</testsuite> <!-- selenium.practice.automation.testing.TestNGAnnotations -->
