<?xml version="1.0" encoding="UTF-8"?>
<!-- Generated by org.testng.reporters.JUnitReportReporter -->
<testsuite hostname="Akshay-17" failures="0" tests="1" name="selenium.practice.automation.testing.HardAssertion" time="13.870" errors="0" timestamp="2024-04-16T15:45:37 IST" skipped="0">
  <testcase classname="selenium.practice.automation.testing.HardAssertion" name="verifyHomePageUrl" time="13.870"/>
  <system-out/>
</testsuite> <!-- selenium.practice.automation.testing.HardAssertion -->
