<?xml version="1.0" encoding="UTF-8"?>
<!-- Generated by org.testng.reporters.JUnitReportReporter -->
<testsuite hostname="Akshay-17" failures="0" tests="3" name="selenium.practice.automation.testing.GroupsInTestNG" time="27.329" errors="0" timestamp="2024-04-19T09:52:46 IST" skipped="0">
  <testcase classname="selenium.practice.automation.testing.GroupsInTestNG" name="VerifyHomepageUrl" time="8.413"/>
  <system-out/>
  <testcase classname="selenium.practice.automation.testing.GroupsInTestNG" name="verifyDisplaytext" time="7.542"/>
  <system-out/>
  <testcase classname="selenium.practice.automation.testing.GroupsInTestNG" name="Verifyvalidusername" time="11.374"/>
  <system-out/>
</testsuite> <!-- selenium.practice.automation.testing.GroupsInTestNG -->
