<?xml version="1.0" encoding="UTF-8"?>
<!-- Generated by org.testng.reporters.JUnitReportReporter -->
<testsuite hostname="Akshay-17" failures="0" tests="1" name="selenium.practice.automation.testing.AssertionsInTestNg" time="5.876" errors="0" timestamp="2024-04-16T13:53:16 IST" skipped="0">
  <testcase classname="selenium.practice.automation.testing.AssertionsInTestNg" name="verifyHomepageUrl" time="5.876"/>
  <system-out/>
</testsuite> <!-- selenium.practice.automation.testing.AssertionsInTestNg -->
