<?xml version="1.0" encoding="UTF-8"?>
<!-- Generated by org.testng.reporters.JUnitReportReporter -->
<testsuite hostname="Akshay-17" failures="0" tests="1" name="selenium.practice.automation.testing.TakeScreenshotInSelenium" time="9.402" errors="0" timestamp="2024-04-17T10:59:47 IST" skipped="0">
  <testcase classname="selenium.practice.automation.testing.TakeScreenshotInSelenium" name="verifyTableData" time="9.402"/>
  <system-out/>
</testsuite> <!-- selenium.practice.automation.testing.TakeScreenshotInSelenium -->
